<?xml version="1.0" encoding="UTF-8"?>
<!-- Generated by org.testng.reporters.JUnitXMLReporter -->
<testsuite ignored="0" hostname="hp-PC" failures="0" tests="2" name="Test" time="61.628" errors="0" timestamp="2022-01-20T22:18:48 IST">
  <testcase classname="com.googleApp.test.InitializeTest" name="@BeforeMethod beforeTest" time="61.492">
    <failure type="java.lang.NullPointerException" message="Cannot invoke &amp;quot;org.openqa.selenium.WebDriver.manage()&amp;quot; because the return value of &amp;quot;com.googleApp.driver.DriverManager.getDriver()&amp;quot; is null">
      <![CDATA[java.lang.NullPointerException: Cannot invoke "org.openqa.selenium.WebDriver.manage()" because the return value of "com.googleApp.driver.DriverManager.getDriver()" is null
at com.googleApp.driver.Driver.<init>(Driver.java:30)
at com.googleApp.driver.Driver.initialize(Driver.java:36)
at com.googleApp.test.InitializeTest.beforeTest(InitializeTest.java:19)
at java.base/java.util.ArrayList.forEach(ArrayList.java:1511)
... Removed 31 stack frames]]>
    </failure>
  </testcase> <!-- @BeforeMethod beforeTest -->
  <testcase classname="com.googleApp.test.InitializeTest" name="@AfterMethod afterTest" time="-1.642697328625E9">
    <skipped/>
  </testcase> <!-- @AfterMethod afterTest -->
  <testcase classname="com.googleApp.test.InitializeTest" name="@BeforeMethod beforeTest" time="-1.64269732863E9">
    <skipped/>
  </testcase> <!-- @BeforeMethod beforeTest -->
  <testcase classname="com.googleApp.test.InitializeTest" name="@AfterMethod afterTest" time="-1.642697328642E9">
    <skipped/>
  </testcase> <!-- @AfterMethod afterTest -->
  <testcase classname="com.googleApp.test.TestClass" name="testCase1" time="0.0">
    <skipped/>
  </testcase> <!-- testCase1 -->
  <testcase classname="com.googleApp.test.TestClass" name="testCase2" time="0.0">
    <skipped/>
  </testcase> <!-- testCase2 -->
</testsuite> <!-- Test -->
