<?xml version="1.0" encoding="UTF-8"?>
<testng-results skipped="0" failed="0" total="1" passed="1">
  <reporter-output>
  </reporter-output>
  <suite name="Suite" duration-ms="31" started-at="2020-06-13T05:21:50Z" finished-at="2020-06-13T05:21:50Z">
    <groups>
    </groups>
    <test name="Test" duration-ms="31" started-at="2020-06-13T05:21:50Z" finished-at="2020-06-13T05:21:50Z">
      <class name="testCase.TestCaseChromeA">
        <test-method status="PASS" signature="TestMethod()[pri:0, instance:testCase.TestCaseChromeA@79b4d0f]" name="TestMethod" duration-ms="0" started-at="2020-06-13T10:51:50Z" finished-at="2020-06-13T10:51:50Z">
          <reporter-output>
          </reporter-output>
        </test-method> <!-- TestMethod -->
      </class> <!-- testCase.TestCaseChromeA -->
    </test> <!-- Test -->
  </suite> <!-- Suite -->
</testng-results>
