<?xml version="1.0" encoding="UTF-8"?>
<testng-results ignored="0" total="2" passed="2" failed="0" skipped="0">
  <reporter-output>
  </reporter-output>
  <suite started-at="2022-01-20T22:27:08 IST" name="Default suite" finished-at="2022-01-20T22:29:57 IST" duration-ms="168605">
    <groups>
    </groups>
    <test started-at="2022-01-20T22:27:08 IST" name="Default test" finished-at="2022-01-20T22:29:57 IST" duration-ms="168605">
      <class name="com.googleApp.test.TestClass">
        <test-method is-config="true" signature="beforeTestExecution()[pri:0, instance:com.googleApp.test.TestClass@66f57048]" started-at="2022-01-20T22:27:08 IST" name="beforeTestExecution" finished-at="2022-01-20T22:27:08 IST" duration-ms="324" status="PASS">
          <reporter-output>
          </reporter-output>
        </test-method> <!-- beforeTestExecution -->
        <test-method is-config="true" signature="beforeTest()[pri:0, instance:com.googleApp.test.TestClass@66f57048]" started-at="2022-01-20T22:27:08 IST" name="beforeTest" finished-at="2022-01-20T22:28:43 IST" duration-ms="94887" status="PASS">
          <reporter-output>
          </reporter-output>
        </test-method> <!-- beforeTest -->
        <test-method signature="testCase1()[pri:0, instance:com.googleApp.test.TestClass@66f57048]" started-at="2022-01-20T22:28:43 IST" name="testCase1" finished-at="2022-01-20T22:28:52 IST" duration-ms="9097" status="PASS">
          <reporter-output>
          </reporter-output>
        </test-method> <!-- testCase1 -->
        <test-method is-config="true" signature="afterTest()[pri:0, instance:com.googleApp.test.TestClass@66f57048]" started-at="2022-01-20T22:28:52 IST" name="afterTest" finished-at="2022-01-20T22:28:55 IST" duration-ms="2739" status="PASS">
          <reporter-output>
          </reporter-output>
        </test-method> <!-- afterTest -->
        <test-method is-config="true" signature="beforeTest()[pri:0, instance:com.googleApp.test.TestClass@66f57048]" started-at="2022-01-20T22:28:55 IST" name="beforeTest" finished-at="2022-01-20T22:29:44 IST" duration-ms="48952" status="PASS">
          <reporter-output>
          </reporter-output>
        </test-method> <!-- beforeTest -->
        <test-method signature="testCase2()[pri:0, instance:com.googleApp.test.TestClass@66f57048]" started-at="2022-01-20T22:29:44 IST" name="testCase2" finished-at="2022-01-20T22:29:56 IST" duration-ms="12483" status="PASS">
          <reporter-output>
          </reporter-output>
        </test-method> <!-- testCase2 -->
        <test-method is-config="true" signature="afterTest()[pri:0, instance:com.googleApp.test.TestClass@66f57048]" started-at="2022-01-20T22:29:56 IST" name="afterTest" finished-at="2022-01-20T22:29:57 IST" duration-ms="393" status="PASS">
          <reporter-output>
          </reporter-output>
        </test-method> <!-- afterTest -->
        <test-method is-config="true" signature="afterTestExecution()[pri:0, instance:com.googleApp.test.TestClass@66f57048]" started-at="2022-01-20T22:29:57 IST" name="afterTestExecution" finished-at="2022-01-20T22:29:57 IST" duration-ms="379" status="PASS">
          <reporter-output>
          </reporter-output>
        </test-method> <!-- afterTestExecution -->
      </class> <!-- com.googleApp.test.TestClass -->
    </test> <!-- Default test -->
  </suite> <!-- Default suite -->
</testng-results>
