<?xml version="1.0" encoding="UTF-8"?>
<testng-results ignored="0" total="2" passed="2" failed="0" skipped="0">
  <reporter-output>
  </reporter-output>
  <suite started-at="2021-11-05T18:56:21 IST" name="Default suite" finished-at="2021-11-05T18:57:22 IST" duration-ms="61011">
    <groups>
    </groups>
    <test started-at="2021-11-05T18:56:21 IST" name="Default test" finished-at="2021-11-05T18:57:22 IST" duration-ms="61011">
      <class name="com.googleApp.test.TestClass">
        <test-method is-config="true" signature="beforeTestExecution()[pri:0, instance:com.googleApp.test.TestClass@6e0f5f7f]" started-at="2021-11-05T18:56:20 IST" name="beforeTestExecution" finished-at="2021-11-05T18:56:21 IST" duration-ms="290" status="PASS">
          <reporter-output>
          </reporter-output>
        </test-method> <!-- beforeTestExecution -->
        <test-method is-config="true" signature="beforeTest()[pri:0, instance:com.googleApp.test.TestClass@6e0f5f7f]" started-at="2021-11-05T18:56:21 IST" name="beforeTest" finished-at="2021-11-05T18:56:49 IST" duration-ms="28216" status="PASS">
          <reporter-output>
          </reporter-output>
        </test-method> <!-- beforeTest -->
        <test-method signature="testCase1()[pri:0, instance:com.googleApp.test.TestClass@6e0f5f7f]" started-at="2021-11-05T18:56:49 IST" name="testCase1" finished-at="2021-11-05T18:56:54 IST" duration-ms="4688" status="PASS">
          <reporter-output>
          </reporter-output>
        </test-method> <!-- testCase1 -->
        <test-method is-config="true" signature="afterTest()[pri:0, instance:com.googleApp.test.TestClass@6e0f5f7f]" started-at="2021-11-05T18:56:54 IST" name="afterTest" finished-at="2021-11-05T18:56:54 IST" duration-ms="266" status="PASS">
          <reporter-output>
          </reporter-output>
        </test-method> <!-- afterTest -->
        <test-method is-config="true" signature="beforeTest()[pri:0, instance:com.googleApp.test.TestClass@6e0f5f7f]" started-at="2021-11-05T18:56:54 IST" name="beforeTest" finished-at="2021-11-05T18:57:14 IST" duration-ms="19981" status="PASS">
          <reporter-output>
          </reporter-output>
        </test-method> <!-- beforeTest -->
        <test-method signature="testCase2()[pri:0, instance:com.googleApp.test.TestClass@6e0f5f7f]" started-at="2021-11-05T18:57:14 IST" name="testCase2" finished-at="2021-11-05T18:57:21 IST" duration-ms="7456" status="PASS">
          <reporter-output>
          </reporter-output>
        </test-method> <!-- testCase2 -->
        <test-method is-config="true" signature="afterTest()[pri:0, instance:com.googleApp.test.TestClass@6e0f5f7f]" started-at="2021-11-05T18:57:21 IST" name="afterTest" finished-at="2021-11-05T18:57:22 IST" duration-ms="346" status="PASS">
          <reporter-output>
          </reporter-output>
        </test-method> <!-- afterTest -->
        <test-method is-config="true" signature="afterTestExecution()[pri:0, instance:com.googleApp.test.TestClass@6e0f5f7f]" started-at="2021-11-05T18:57:22 IST" name="afterTestExecution" finished-at="2021-11-05T18:57:22 IST" duration-ms="309" status="PASS">
          <reporter-output>
          </reporter-output>
        </test-method> <!-- afterTestExecution -->
      </class> <!-- com.googleApp.test.TestClass -->
    </test> <!-- Default test -->
  </suite> <!-- Default suite -->
</testng-results>
